<?xml version="1.0" encoding="UTF-8"?>
<!-- Generated by org.testng.reporters.JUnitXMLReporter -->
<testsuite ignored="0" hostname="DESKTOP-M0FLE7G" failures="0" tests="3" name="Test" time="37.968" errors="0" timestamp="2025-01-09T14:08:49 IST">
  <testcase classname="com.testcases.TC001_AccountRegistrationTest" name="verify_account_Registration" time="4.242"/>
  <testcase classname="com.testcases.TC002_AccountLoginTest" name="varify_account_Login" time="2.953"/>
  <testcase classname="com.testcases.TC003_SelectProductTest" name="check_Tablet_Items" time="3.85"/>
</testsuite> <!-- Test -->
