<?xml version="1.0" encoding="UTF-8"?>
<!-- Generated by org.testng.reporters.JUnitXMLReporter -->
<testsuite ignored="1" hostname="DESKTOP-M0FLE7G" failures="0" tests="3" name="Test" time="26.714" errors="0" timestamp="2024-08-27T13:23:01 IST">
  <testcase classname="com.testcases.TC001_AccountRegistrationTest" name="verify_account_Registration" time="2.93"/>
  <testcase classname="com.testcases.TC002_AccountLoginTest" name="varify_account_Login" time="1.827"/>
  <testcase classname="com.testcases.TC003_CheckTabletItemsTest" name="check_Tablet_Items" time="2.136"/>
  <testcase classname="com.ddtestcase.TC001_LoginDDTest" name="verify_LoginDDT" time="0.0">
    <ignored/>
  </testcase> <!-- verify_LoginDDT -->
</testsuite> <!-- Test -->
