<?xml version="1.0" encoding="UTF-8"?>
<!-- Generated by org.testng.reporters.JUnitXMLReporter -->
<testsuite ignored="0" hostname="DESKTOP-M0FLE7G" failures="5" tests="5" name="DDTest" time="11.221" errors="0" timestamp="2024-08-13T13:34:45 IST">
  <testcase classname="com.ddtestcase.TC001_LoginDDTest" name="verify_LoginDDT" time="0.773">
    <failure type="java.lang.AssertionError" message="null">
      <![CDATA[java.lang.AssertionError: null
at com.ddtestcase.TC001_LoginDDTest.verify_LoginDDT(TC001_LoginDDTest.java:74)
at java.base/java.util.ArrayList.forEach(ArrayList.java:1597)
... Removed 27 stack frames]]>
    </failure>
  </testcase> <!-- verify_LoginDDT -->
  <testcase classname="com.ddtestcase.TC001_LoginDDTest" name="verify_LoginDDT" time="0.536">
    <failure type="java.lang.AssertionError" message="null">
      <![CDATA[java.lang.AssertionError: null
at com.ddtestcase.TC001_LoginDDTest.verify_LoginDDT(TC001_LoginDDTest.java:74)
at java.base/java.util.ArrayList.forEach(ArrayList.java:1597)
... Removed 27 stack frames]]>
    </failure>
  </testcase> <!-- verify_LoginDDT -->
  <testcase classname="com.ddtestcase.TC001_LoginDDTest" name="verify_LoginDDT" time="0.699">
    <failure type="java.lang.AssertionError" message="null">
      <![CDATA[java.lang.AssertionError: null
at com.ddtestcase.TC001_LoginDDTest.verify_LoginDDT(TC001_LoginDDTest.java:74)
at java.base/java.util.ArrayList.forEach(ArrayList.java:1597)
... Removed 27 stack frames]]>
    </failure>
  </testcase> <!-- verify_LoginDDT -->
  <testcase classname="com.ddtestcase.TC001_LoginDDTest" name="verify_LoginDDT" time="0.548">
    <failure type="java.lang.AssertionError" message="null">
      <![CDATA[java.lang.AssertionError: null
at com.ddtestcase.TC001_LoginDDTest.verify_LoginDDT(TC001_LoginDDTest.java:74)
at java.base/java.util.ArrayList.forEach(ArrayList.java:1597)
... Removed 27 stack frames]]>
    </failure>
  </testcase> <!-- verify_LoginDDT -->
  <testcase classname="com.ddtestcase.TC001_LoginDDTest" name="verify_LoginDDT" time="0.634">
    <failure type="java.lang.AssertionError" message="null">
      <![CDATA[java.lang.AssertionError: null
at com.ddtestcase.TC001_LoginDDTest.verify_LoginDDT(TC001_LoginDDTest.java:74)
at java.base/java.util.ArrayList.forEach(ArrayList.java:1597)
... Removed 27 stack frames]]>
    </failure>
  </testcase> <!-- verify_LoginDDT -->
</testsuite> <!-- DDTest -->
