<?xml version="1.0" encoding="UTF-8"?>
<!-- Generated by org.testng.reporters.JUnitXMLReporter -->
<testsuite ignored="3" hostname="DESKTOP-M0FLE7G" failures="0" tests="1" name="Test" time="12.646" errors="0" timestamp="2024-08-25T14:29:29 IST">
  <testcase classname="com.testcases.TC003_CheckTabletItemsTest" name="check_Tablet_Items" time="2.338"/>
  <testcase classname="com.testcases.TC002_AccountLoginTest" name="varify_account_Login" time="0.0">
    <ignored/>
  </testcase> <!-- varify_account_Login -->
  <testcase classname="com.ddtestcase.TC001_LoginDDTest" name="verify_LoginDDT" time="0.0">
    <ignored/>
  </testcase> <!-- verify_LoginDDT -->
  <testcase classname="com.testcases.TC001_AccountRegistrationTest" name="verify_account_Registration" time="0.0">
    <ignored/>
  </testcase> <!-- verify_account_Registration -->
</testsuite> <!-- Test -->
