<?xml version="1.0" encoding="UTF-8"?>
<testng-results ignored="0" total="1" passed="1" failed="0" skipped="0">
  <reporter-output>
  </reporter-output>
  <suite started-at="2024-09-11T19:51:11 IST" name="Master_Suite" finished-at="2024-09-11T19:52:01 IST" duration-ms="50665">
    <groups>
      <group name="master">
        <method signature="TC007_EndToEndTest.end_to_end_Test()[pri:0, instance:com.testcases.TC007_EndToEndTest@5c08c46a]" name="end_to_end_Test" class="com.testcases.TC007_EndToEndTest"/>
      </group> <!-- master -->
    </groups>
    <test started-at="2024-09-11T19:51:11 IST" name="Test" finished-at="2024-09-11T19:52:01 IST" duration-ms="50665">
      <class name="com.testcases.TC007_EndToEndTest">
        <test-method is-config="true" signature="startUp(java.lang.String,java.lang.String)[pri:0, instance:com.testcases.TC007_EndToEndTest@5c08c46a]" started-at="2024-09-11T19:51:11 IST" name="startUp" finished-at="2024-09-11T19:51:18 IST" duration-ms="7167" status="PASS">
          <params>
            <param index="0">
              <value>
                <![CDATA[windows]]>
              </value>
            </param>
            <param index="1">
              <value>
                <![CDATA[chrome]]>
              </value>
            </param>
          </params>
          <reporter-output>
          </reporter-output>
        </test-method> <!-- startUp -->
        <test-method signature="end_to_end_Test()[pri:0, instance:com.testcases.TC007_EndToEndTest@5c08c46a]" started-at="2024-09-11T19:51:18 IST" name="end_to_end_Test" finished-at="2024-09-11T19:52:01 IST" duration-ms="42584" status="PASS">
          <reporter-output>
          </reporter-output>
        </test-method> <!-- end_to_end_Test -->
        <test-method is-config="true" signature="tearDown()[pri:0, instance:com.testcases.TC007_EndToEndTest@5c08c46a]" started-at="2024-09-11T19:52:01 IST" name="tearDown" finished-at="2024-09-11T19:52:01 IST" duration-ms="547" status="PASS">
          <reporter-output>
          </reporter-output>
        </test-method> <!-- tearDown -->
      </class> <!-- com.testcases.TC007_EndToEndTest -->
    </test> <!-- Test -->
  </suite> <!-- Master_Suite -->
</testng-results>
