<?xml version="1.0" encoding="UTF-8"?>
<testng-results ignored="0" total="3" passed="3" failed="0" skipped="0">
  <reporter-output>
  </reporter-output>
  <suite started-at="2025-01-09T14:08:09 IST" name="Grouping_Suite" finished-at="2025-01-09T14:08:47 IST" duration-ms="37968">
    <groups>
      <group name="regression">
        <method signature="TC001_AccountRegistrationTest.verify_account_Registration()[pri:0, instance:com.testcases.TC001_AccountRegistrationTest@7c1e2a2d]" name="verify_account_Registration" class="com.testcases.TC001_AccountRegistrationTest"/>
      </group> <!-- regression -->
      <group name="sanity">
        <method signature="TC002_AccountLoginTest.varify_account_Login()[pri:0, instance:com.testcases.TC002_AccountLoginTest@2101b44a]" name="varify_account_Login" class="com.testcases.TC002_AccountLoginTest"/>
        <method signature="TC003_SelectProductTest.check_Tablet_Items()[pri:0, instance:com.testcases.TC003_SelectProductTest@2cc3ad05]" name="check_Tablet_Items" class="com.testcases.TC003_SelectProductTest"/>
      </group> <!-- sanity -->
      <group name="master">
        <method signature="TC001_AccountRegistrationTest.verify_account_Registration()[pri:0, instance:com.testcases.TC001_AccountRegistrationTest@7c1e2a2d]" name="verify_account_Registration" class="com.testcases.TC001_AccountRegistrationTest"/>
        <method signature="TC002_AccountLoginTest.varify_account_Login()[pri:0, instance:com.testcases.TC002_AccountLoginTest@2101b44a]" name="varify_account_Login" class="com.testcases.TC002_AccountLoginTest"/>
        <method signature="TC003_SelectProductTest.check_Tablet_Items()[pri:0, instance:com.testcases.TC003_SelectProductTest@2cc3ad05]" name="check_Tablet_Items" class="com.testcases.TC003_SelectProductTest"/>
      </group> <!-- master -->
    </groups>
    <test started-at="2025-01-09T14:08:09 IST" name="Test" finished-at="2025-01-09T14:08:47 IST" duration-ms="37968">
      <class name="com.testcases.TC001_AccountRegistrationTest">
        <test-method is-config="true" signature="startUp(java.lang.String,java.lang.String)[pri:0, instance:com.testcases.TC001_AccountRegistrationTest@7c1e2a2d]" started-at="2025-01-09T14:08:09 IST" name="startUp" finished-at="2025-01-09T14:08:21 IST" duration-ms="11981" status="PASS">
          <params>
            <param index="0">
              <value>
                <![CDATA[windows]]>
              </value>
            </param>
            <param index="1">
              <value>
                <![CDATA[chrome]]>
              </value>
            </param>
          </params>
          <reporter-output>
          </reporter-output>
        </test-method> <!-- startUp -->
        <test-method signature="verify_account_Registration()[pri:0, instance:com.testcases.TC001_AccountRegistrationTest@7c1e2a2d]" started-at="2025-01-09T14:08:21 IST" name="verify_account_Registration" finished-at="2025-01-09T14:08:26 IST" duration-ms="4242" status="PASS">
          <reporter-output>
          </reporter-output>
        </test-method> <!-- verify_account_Registration -->
        <test-method is-config="true" signature="tearDown()[pri:0, instance:com.testcases.TC001_AccountRegistrationTest@7c1e2a2d]" started-at="2025-01-09T14:08:26 IST" name="tearDown" finished-at="2025-01-09T14:08:26 IST" duration-ms="413" status="PASS">
          <reporter-output>
          </reporter-output>
        </test-method> <!-- tearDown -->
      </class> <!-- com.testcases.TC001_AccountRegistrationTest -->
      <class name="com.testcases.TC003_SelectProductTest">
        <test-method is-config="true" signature="startUp(java.lang.String,java.lang.String)[pri:0, instance:com.testcases.TC003_SelectProductTest@2cc3ad05]" started-at="2025-01-09T14:08:36 IST" name="startUp" finished-at="2025-01-09T14:08:43 IST" duration-ms="6657" status="PASS">
          <params>
            <param index="0">
              <value>
                <![CDATA[windows]]>
              </value>
            </param>
            <param index="1">
              <value>
                <![CDATA[chrome]]>
              </value>
            </param>
          </params>
          <reporter-output>
          </reporter-output>
        </test-method> <!-- startUp -->
        <test-method signature="check_Tablet_Items()[pri:0, instance:com.testcases.TC003_SelectProductTest@2cc3ad05]" started-at="2025-01-09T14:08:43 IST" name="check_Tablet_Items" finished-at="2025-01-09T14:08:47 IST" duration-ms="3850" status="PASS">
          <reporter-output>
          </reporter-output>
        </test-method> <!-- check_Tablet_Items -->
        <test-method is-config="true" signature="tearDown()[pri:0, instance:com.testcases.TC003_SelectProductTest@2cc3ad05]" started-at="2025-01-09T14:08:47 IST" name="tearDown" finished-at="2025-01-09T14:08:47 IST" duration-ms="473" status="PASS">
          <reporter-output>
          </reporter-output>
        </test-method> <!-- tearDown -->
      </class> <!-- com.testcases.TC003_SelectProductTest -->
      <class name="com.testcases.TC002_AccountLoginTest">
        <test-method is-config="true" signature="startUp(java.lang.String,java.lang.String)[pri:0, instance:com.testcases.TC002_AccountLoginTest@2101b44a]" started-at="2025-01-09T14:08:26 IST" name="startUp" finished-at="2025-01-09T14:08:33 IST" duration-ms="6485" status="PASS">
          <params>
            <param index="0">
              <value>
                <![CDATA[windows]]>
              </value>
            </param>
            <param index="1">
              <value>
                <![CDATA[chrome]]>
              </value>
            </param>
          </params>
          <reporter-output>
          </reporter-output>
        </test-method> <!-- startUp -->
        <test-method signature="varify_account_Login()[pri:0, instance:com.testcases.TC002_AccountLoginTest@2101b44a]" started-at="2025-01-09T14:08:33 IST" name="varify_account_Login" finished-at="2025-01-09T14:08:35 IST" duration-ms="2953" status="PASS">
          <reporter-output>
          </reporter-output>
        </test-method> <!-- varify_account_Login -->
        <test-method is-config="true" signature="tearDown()[pri:0, instance:com.testcases.TC002_AccountLoginTest@2101b44a]" started-at="2025-01-09T14:08:35 IST" name="tearDown" finished-at="2025-01-09T14:08:36 IST" duration-ms="567" status="PASS">
          <reporter-output>
          </reporter-output>
        </test-method> <!-- tearDown -->
      </class> <!-- com.testcases.TC002_AccountLoginTest -->
    </test> <!-- Test -->
  </suite> <!-- Grouping_Suite -->
</testng-results>
