<?xml version="1.0" encoding="UTF-8"?>
<!-- Generated by org.testng.reporters.JUnitXMLReporter -->
<testsuite ignored="0" hostname="DESKTOP-M0FLE7G" failures="2" tests="2" name="Test(failed)" time="43.945" errors="0" timestamp="2024-08-17T13:09:45 IST">
  <testcase classname="com.ddtestcase.TC001_LoginDDTest" name="verify_LoginDDT" time="2.225">
    <failure type="java.lang.AssertionError" message="expected [true] but found [false]">
      <![CDATA[java.lang.AssertionError: expected [true] but found [false]
at com.ddtestcase.TC001_LoginDDTest.verify_LoginDDT(TC001_LoginDDTest.java:64)
at java.base/java.util.ArrayList.forEach(ArrayList.java:1597)
... Removed 29 stack frames]]>
    </failure>
  </testcase> <!-- verify_LoginDDT -->
  <testcase classname="com.ddtestcase.TC001_LoginDDTest" name="verify_LoginDDT" time="31.218">
    <failure type="java.lang.AssertionError" message="expected [true] but found [false]">
      <![CDATA[java.lang.AssertionError: expected [true] but found [false]
at com.ddtestcase.TC001_LoginDDTest.verify_LoginDDT(TC001_LoginDDTest.java:55)
at java.base/java.util.ArrayList.forEach(ArrayList.java:1597)
... Removed 29 stack frames]]>
    </failure>
  </testcase> <!-- verify_LoginDDT -->
</testsuite> <!-- Test(failed) -->
