<?xml version="1.0" encoding="UTF-8"?>
<!-- Generated by org.testng.reporters.JUnitXMLReporter -->
<testsuite ignored="1" hostname="DESKTOP-M0FLE7G" failures="0" tests="3" name="Test" time="32.222" errors="0" timestamp="2025-01-09T12:17:36 IST">
  <testcase classname="com.testcases.TC001_AccountRegistrationTest" name="verify_account_Registration" time="3.79"/>
  <testcase classname="com.testcases.TC002_AccountLoginTest" name="varify_account_Login" time="3.074"/>
  <testcase classname="com.testcases.TC003_SelectProductTest" name="check_Tablet_Items" time="3.58"/>
  <testcase classname="com.ddtestcase.TC001_LoginDDTest" name="verify_LoginDDT" time="0.0">
    <ignored/>
  </testcase> <!-- verify_LoginDDT -->
</testsuite> <!-- Test -->
