<?xml version="1.0" encoding="UTF-8"?>
<testng-results ignored="0" total="1" passed="1" failed="0" skipped="0">
  <reporter-output>
  </reporter-output>
  <suite started-at="2024-09-01T20:28:32 IST" name="Master_Suite" finished-at="2024-09-01T20:28:41 IST" duration-ms="9027">
    <groups>
      <group name="sanity">
        <method signature="TC005_DropDownProductTest.dropdown_Items()[pri:0, instance:com.testcases.TC005_DropDownProductTest@20a14b55]" name="dropdown_Items" class="com.testcases.TC005_DropDownProductTest"/>
      </group> <!-- sanity -->
      <group name="master">
        <method signature="TC005_DropDownProductTest.dropdown_Items()[pri:0, instance:com.testcases.TC005_DropDownProductTest@20a14b55]" name="dropdown_Items" class="com.testcases.TC005_DropDownProductTest"/>
      </group> <!-- master -->
    </groups>
    <test started-at="2024-09-01T20:28:32 IST" name="Test" finished-at="2024-09-01T20:28:41 IST" duration-ms="9027">
      <class name="com.testcases.TC005_DropDownProductTest">
        <test-method is-config="true" signature="startUp(java.lang.String,java.lang.String)[pri:0, instance:com.testcases.TC005_DropDownProductTest@20a14b55]" started-at="2024-09-01T20:28:32 IST" name="startUp" finished-at="2024-09-01T20:28:37 IST" duration-ms="5182" status="PASS">
          <params>
            <param index="0">
              <value>
                <![CDATA[windows]]>
              </value>
            </param>
            <param index="1">
              <value>
                <![CDATA[chrome]]>
              </value>
            </param>
          </params>
          <reporter-output>
          </reporter-output>
        </test-method> <!-- startUp -->
        <test-method signature="dropdown_Items()[pri:0, instance:com.testcases.TC005_DropDownProductTest@20a14b55]" started-at="2024-09-01T20:28:37 IST" name="dropdown_Items" finished-at="2024-09-01T20:28:40 IST" duration-ms="2914" status="PASS">
          <reporter-output>
          </reporter-output>
        </test-method> <!-- dropdown_Items -->
        <test-method is-config="true" signature="tearDown()[pri:0, instance:com.testcases.TC005_DropDownProductTest@20a14b55]" started-at="2024-09-01T20:28:40 IST" name="tearDown" finished-at="2024-09-01T20:28:41 IST" duration-ms="496" status="PASS">
          <reporter-output>
          </reporter-output>
        </test-method> <!-- tearDown -->
      </class> <!-- com.testcases.TC005_DropDownProductTest -->
    </test> <!-- Test -->
  </suite> <!-- Master_Suite -->
</testng-results>
