<?xml version="1.0" encoding="UTF-8"?>
<testng-results ignored="0" total="1" passed="1" failed="0" skipped="0">
  <reporter-output>
  </reporter-output>
  <suite started-at="2025-01-09T13:56:49 IST" name="Master_Suite" finished-at="2025-01-09T13:57:07 IST" duration-ms="17169">
    <groups>
      <group name="sanity">
        <method signature="TC004_SearchProductTest.search_Item()[pri:0, instance:com.testcases.TC004_SearchProductTest@17a87e37]" name="search_Item" class="com.testcases.TC004_SearchProductTest"/>
      </group> <!-- sanity -->
      <group name="master">
        <method signature="TC004_SearchProductTest.search_Item()[pri:0, instance:com.testcases.TC004_SearchProductTest@17a87e37]" name="search_Item" class="com.testcases.TC004_SearchProductTest"/>
      </group> <!-- master -->
    </groups>
    <test started-at="2025-01-09T13:56:49 IST" name="Test" finished-at="2025-01-09T13:57:07 IST" duration-ms="17169">
      <class name="com.testcases.TC004_SearchProductTest">
        <test-method is-config="true" signature="startUp(java.lang.String,java.lang.String)[pri:0, instance:com.testcases.TC004_SearchProductTest@17a87e37]" started-at="2025-01-09T13:56:50 IST" name="startUp" finished-at="2025-01-09T13:56:57 IST" duration-ms="7334" status="PASS">
          <params>
            <param index="0">
              <value>
                <![CDATA[windows]]>
              </value>
            </param>
            <param index="1">
              <value>
                <![CDATA[chrome]]>
              </value>
            </param>
          </params>
          <reporter-output>
          </reporter-output>
        </test-method> <!-- startUp -->
        <test-method signature="search_Item()[pri:0, instance:com.testcases.TC004_SearchProductTest@17a87e37]" started-at="2025-01-09T13:56:57 IST" name="search_Item" finished-at="2025-01-09T13:57:06 IST" duration-ms="8799" status="PASS">
          <reporter-output>
          </reporter-output>
        </test-method> <!-- search_Item -->
        <test-method is-config="true" signature="tearDown()[pri:0, instance:com.testcases.TC004_SearchProductTest@17a87e37]" started-at="2025-01-09T13:57:06 IST" name="tearDown" finished-at="2025-01-09T13:57:07 IST" duration-ms="608" status="PASS">
          <reporter-output>
          </reporter-output>
        </test-method> <!-- tearDown -->
      </class> <!-- com.testcases.TC004_SearchProductTest -->
    </test> <!-- Test -->
  </suite> <!-- Master_Suite -->
</testng-results>
