<?xml version="1.0" encoding="UTF-8"?>
<!-- Generated by org.testng.reporters.JUnitReportReporter -->
<testsuite hostname="DESKTOP-M0FLE7G" failures="0" tests="3" name="com.testcases.TC001_AccountRegistrationTest" time="14.756" errors="0" timestamp="2025-01-09T13:39:08 IST" skipped="0">
  <testcase classname="com.testcases.TC001_AccountRegistrationTest" name="verify_account_Registration" time="4.396"/>
  <testcase classname="com.testcases.TC001_AccountRegistrationTest" name="verify_account_Registration" time="6.064"/>
  <testcase classname="com.testcases.TC001_AccountRegistrationTest" name="verify_account_Registration" time="4.296"/>
</testsuite> <!-- com.testcases.TC001_AccountRegistrationTest -->
